{"/Users/zimu/Documents/github/blog/imitate-antd/components/index.tsx": {"path":"/Users/zimu/Documents/github/blog/imitate-antd/components/index.tsx","statementMap":{},"fnMap":{},"branchMap":{},"s":{},"f":{},"b":{}}
,"/Users/zimu/Documents/github/blog/imitate-antd/components/button/button.tsx": {"path":"/Users/zimu/Documents/github/blog/imitate-antd/components/button/button.tsx","statementMap":{"0":{"start":{"line":5,"column":38},"end":{"line":8,"column":1}},"1":{"start":{"line":6,"column":23},"end":{"line":6,"column":28}},"2":{"start":{"line":7,"column":2},"end":{"line":7,"column":50}}},"fnMap":{"0":{"name":"(anonymous_0)","decl":{"start":{"line":5,"column":38},"end":{"line":5,"column":39}},"loc":{"start":{"line":5,"column":49},"end":{"line":8,"column":1}},"line":5}},"branchMap":{},"s":{"0":1,"1":1,"2":1},"f":{"0":1},"b":{},"_coverageSchema":"1a1c01bbd47fc00a2c39e90264f33305004495a9","hash":"82a131a89b1b4ff0f3782b469c296e40286e8c57"}
,"/Users/zimu/Documents/github/blog/imitate-antd/components/button/index.tsx": {"path":"/Users/zimu/Documents/github/blog/imitate-antd/components/button/index.tsx","statementMap":{},"fnMap":{},"branchMap":{},"s":{},"f":{},"b":{},"_coverageSchema":"1a1c01bbd47fc00a2c39e90264f33305004495a9","hash":"422c3bc8ac786c10c4f79bb6e61e819203d4b955"}
}
